c:\users\mik-f\of_v0.11.2_vs2017_release\apps\myapps\project1\addons\ofxgui\src\ofxcolorpicker.obj
c:\users\mik-f\of_v0.11.2_vs2017_release\apps\myapps\project1\addons\ofxgui\src\ofxtoggle.obj
c:\users\mik-f\of_v0.11.2_vs2017_release\apps\myapps\project1\addons\ofxgui\src\ofxpanel.obj
c:\users\mik-f\of_v0.11.2_vs2017_release\apps\myapps\project1\addons\ofxgui\src\ofxslider.obj
c:\users\mik-f\of_v0.11.2_vs2017_release\apps\myapps\project1\addons\ofxgui\src\ofxinputfield.obj
c:\users\mik-f\of_v0.11.2_vs2017_release\apps\myapps\project1\addons\ofxgui\src\ofxguigroup.obj
c:\users\mik-f\of_v0.11.2_vs2017_release\apps\myapps\project1\addons\ofxgui\src\ofxlabel.obj
c:\users\mik-f\of_v0.11.2_vs2017_release\apps\myapps\project1\addons\ofxgui\src\ofxbutton.obj
c:\users\mik-f\of_v0.11.2_vs2017_release\apps\myapps\project1\addons\ofxgui\src\ofxslidergroup.obj
c:\users\mik-f\of_v0.11.2_vs2017_release\apps\myapps\project1\addons\ofxgui\src\ofxbasegui.obj
c:\users\mik-f\of_v0.11.2_vs2017_release\apps\myapps\project1\obj\win32\debug\vc141.pdb
c:\users\mik-f\of_v0.11.2_vs2017_release\apps\myapps\project1\obj\win32\debug\src\emitter.obj
c:\users\mik-f\of_v0.11.2_vs2017_release\apps\myapps\project1\obj\win32\debug\src\sprite.obj
c:\users\mik-f\of_v0.11.2_vs2017_release\apps\myapps\project1\obj\win32\debug\src\ofapp.obj
c:\users\mik-f\of_v0.11.2_vs2017_release\apps\myapps\project1\obj\win32\debug\src\main.obj
c:\users\mik-f\of_v0.11.2_vs2017_release\apps\myapps\project1\bin\project1_debug.lib
c:\users\mik-f\of_v0.11.2_vs2017_release\apps\myapps\project1\bin\project1_debug.exp
c:\users\mik-f\of_v0.11.2_vs2017_release\apps\myapps\project1\obj\win32\debug\icon.res
c:\users\mik-f\of_v0.11.2_vs2017_release\apps\myapps\project1\obj\win32\debug\nativecodeanalysis.read.1.tlog
c:\users\mik-f\of_v0.11.2_vs2017_release\apps\myapps\project1\obj\win32\debug\vc.nativecodeanalysis.all.xml
c:\users\mik-f\of_v0.11.2_vs2017_release\apps\myapps\project1\obj\win32\debug\project1.tlog\cl.command.1.tlog
c:\users\mik-f\of_v0.11.2_vs2017_release\apps\myapps\project1\obj\win32\debug\project1.tlog\cl.read.1.tlog
c:\users\mik-f\of_v0.11.2_vs2017_release\apps\myapps\project1\obj\win32\debug\project1.tlog\cl.write.1.tlog
c:\users\mik-f\of_v0.11.2_vs2017_release\apps\myapps\project1\obj\win32\debug\project1.tlog\link.16152-cvtres.read.1.tlog
c:\users\mik-f\of_v0.11.2_vs2017_release\apps\myapps\project1\obj\win32\debug\project1.tlog\link.16152-cvtres.write.1.tlog
c:\users\mik-f\of_v0.11.2_vs2017_release\apps\myapps\project1\obj\win32\debug\project1.tlog\link.16152-rc.read.1.tlog
c:\users\mik-f\of_v0.11.2_vs2017_release\apps\myapps\project1\obj\win32\debug\project1.tlog\link.16152-rc.write.1.tlog
c:\users\mik-f\of_v0.11.2_vs2017_release\apps\myapps\project1\obj\win32\debug\project1.tlog\link.16152.read.1.tlog
c:\users\mik-f\of_v0.11.2_vs2017_release\apps\myapps\project1\obj\win32\debug\project1.tlog\link.16152.write.1.tlog
c:\users\mik-f\of_v0.11.2_vs2017_release\apps\myapps\project1\obj\win32\debug\project1.tlog\link.command.1.tlog
c:\users\mik-f\of_v0.11.2_vs2017_release\apps\myapps\project1\obj\win32\debug\project1.tlog\link.read.1.tlog
c:\users\mik-f\of_v0.11.2_vs2017_release\apps\myapps\project1\obj\win32\debug\project1.tlog\link.write.1.tlog
c:\users\mik-f\of_v0.11.2_vs2017_release\apps\myapps\project1\obj\win32\debug\project1.tlog\project1.write.1u.tlog
c:\users\mik-f\of_v0.11.2_vs2017_release\apps\myapps\project1\obj\win32\debug\project1.tlog\rc.command.1.tlog
c:\users\mik-f\of_v0.11.2_vs2017_release\apps\myapps\project1\obj\win32\debug\project1.tlog\rc.read.1.tlog
c:\users\mik-f\of_v0.11.2_vs2017_release\apps\myapps\project1\obj\win32\debug\project1.tlog\rc.write.1.tlog
